[debug] [2017-12-31T00:44:09.995Z] ----------------------------------------------------------------------
[debug] [2017-12-31T00:44:10.001Z] Command:       C:\Program Files\nodejs\node.exe C:\Users\JOHN ANISERE\AppData\Roaming\npm\node_modules\firebase-tools\bin\firebase deploy
[debug] [2017-12-31T00:44:10.001Z] CLI Version:   3.15.3
[debug] [2017-12-31T00:44:10.001Z] Platform:      win32
[debug] [2017-12-31T00:44:10.001Z] Node Version:  v9.2.0
[debug] [2017-12-31T00:44:10.002Z] Time:          Sun Dec 31 2017 01:44:10 GMT+0100 (W. Central Africa Standard Time)
[debug] [2017-12-31T00:44:10.002Z] ----------------------------------------------------------------------
[debug] 
[debug] [2017-12-31T00:44:10.323Z] > command requires scopes: ["email","openid","https://www.googleapis.com/auth/cloudplatformprojects.readonly","https://www.googleapis.com/auth/firebase","https://www.googleapis.com/auth/cloud-platform"]
[debug] [2017-12-31T00:44:10.324Z] > authorizing via signed-in user
[debug] [2017-12-31T00:44:10.329Z] > refreshing access token with scopes: ["email","https://www.googleapis.com/auth/cloud-platform","https://www.googleapis.com/auth/cloudplatformprojects.readonly","https://www.googleapis.com/auth/firebase","openid"]
[debug] [2017-12-31T00:44:10.330Z] >>> HTTP REQUEST POST https://www.googleapis.com/oauth2/v3/token { refresh_token: '1/8VH-hxnBZY3WHm1J4xwXFZXu9C--6amsMZkpXIRrKXE',
  client_id: '563584335869-fgrhgmd47bqnekij5i8b5pr03ho849e6.apps.googleusercontent.com',
  client_secret: 'j9iVZfS8kkCEFUPaAeJV0sAi',
  grant_type: 'refresh_token',
  scope: 'email https://www.googleapis.com/auth/cloud-platform https://www.googleapis.com/auth/cloudplatformprojects.readonly https://www.googleapis.com/auth/firebase openid' } 
 Sun Dec 31 2017 01:44:10 GMT+0100 (W. Central Africa Standard Time)
[debug] [2017-12-31T00:44:13.364Z] <<< HTTP RESPONSE 200
[debug] [2017-12-31T00:44:13.425Z] >>> HTTP REQUEST GET https://admin.firebase.com/v1/projects/my-bukka  
 Sun Dec 31 2017 01:44:13 GMT+0100 (W. Central Africa Standard Time)
[debug] [2017-12-31T00:44:16.491Z] <<< HTTP RESPONSE 200
[debug] [2017-12-31T00:44:16.492Z] >>> HTTP REQUEST GET https://admin.firebase.com/v1/database/my-bukka/tokens  
 Sun Dec 31 2017 01:44:16 GMT+0100 (W. Central Africa Standard Time)
[debug] [2017-12-31T00:44:33.620Z] <<< HTTP RESPONSE 200
[info] 
[info] === Deploying to 'my-bukka'...
[info] 
[info] i  deploying hosting
[info] i  hosting: preparing build directory for upload...
[debug] [2017-12-31T00:44:37.507Z] >>> HTTP REQUEST PUT https://deploy.firebase.com/v1/hosting/my-bukka/uploads/-L1e0lbwQJ2wM4846o7n?fileCount=15&message=  
 Sun Dec 31 2017 01:44:37 GMT+0100 (W. Central Africa Standard Time)
[debug] [2017-12-31T00:47:03.788Z] Error: socket hang up
    at createHangUpError (_http_client.js:330:15)
    at TLSSocket.socketOnEnd (_http_client.js:423:23)
    at TLSSocket.emit (events.js:164:20)
    at endReadableNT (_stream_readable.js:1054:12)
    at _combinedTickCallback (internal/process/next_tick.js:138:11)
    at process._tickDomainCallback (internal/process/next_tick.js:218:9)
[error] 
[error] Error: Server Error. socket hang up
[debug] [2017-12-31T00:47:39.411Z] ----------------------------------------------------------------------
[debug] [2017-12-31T00:47:39.415Z] Command:       C:\Program Files\nodejs\node.exe C:\Users\JOHN ANISERE\AppData\Roaming\npm\node_modules\firebase-tools\bin\firebase deploy
[debug] [2017-12-31T00:47:39.416Z] CLI Version:   3.15.3
[debug] [2017-12-31T00:47:39.416Z] Platform:      win32
[debug] [2017-12-31T00:47:39.416Z] Node Version:  v9.2.0
[debug] [2017-12-31T00:47:39.416Z] Time:          Sun Dec 31 2017 01:47:39 GMT+0100 (W. Central Africa Standard Time)
[debug] [2017-12-31T00:47:39.417Z] ----------------------------------------------------------------------
[debug] 
[debug] [2017-12-31T00:47:39.444Z] > command requires scopes: ["email","openid","https://www.googleapis.com/auth/cloudplatformprojects.readonly","https://www.googleapis.com/auth/firebase","https://www.googleapis.com/auth/cloud-platform"]
[debug] [2017-12-31T00:47:39.445Z] > authorizing via signed-in user
[debug] [2017-12-31T00:47:39.450Z] >>> HTTP REQUEST GET https://admin.firebase.com/v1/projects/my-bukka  
 Sun Dec 31 2017 01:47:39 GMT+0100 (W. Central Africa Standard Time)
[debug] [2017-12-31T00:47:41.017Z] <<< HTTP RESPONSE 200
[debug] [2017-12-31T00:47:41.018Z] >>> HTTP REQUEST GET https://admin.firebase.com/v1/database/my-bukka/tokens  
 Sun Dec 31 2017 01:47:41 GMT+0100 (W. Central Africa Standard Time)
[debug] [2017-12-31T00:47:42.399Z] <<< HTTP RESPONSE 200
[info] 
[info] === Deploying to 'my-bukka'...
[info] 
[info] i  deploying hosting
[info] i  hosting: preparing build directory for upload...
[debug] [2017-12-31T00:47:46.569Z] >>> HTTP REQUEST PUT https://deploy.firebase.com/v1/hosting/my-bukka/uploads/-L1e1UeHpVWvmD3Nzp30?fileCount=15&message=  
 Sun Dec 31 2017 01:47:46 GMT+0100 (W. Central Africa Standard Time)
[debug] [2017-12-31T00:53:19.571Z] Error: socket hang up
    at createHangUpError (_http_client.js:330:15)
    at TLSSocket.socketOnEnd (_http_client.js:423:23)
    at TLSSocket.emit (events.js:164:20)
    at endReadableNT (_stream_readable.js:1054:12)
    at _combinedTickCallback (internal/process/next_tick.js:138:11)
    at process._tickDomainCallback (internal/process/next_tick.js:218:9)
[error] 
[error] Error: Server Error. socket hang up
[debug] [2017-12-31T00:55:48.755Z] ----------------------------------------------------------------------
[debug] [2017-12-31T00:55:48.760Z] Command:       C:\Program Files\nodejs\node.exe C:\Users\JOHN ANISERE\AppData\Roaming\npm\node_modules\firebase-tools\bin\firebase deploy
[debug] [2017-12-31T00:55:48.760Z] CLI Version:   3.15.3
[debug] [2017-12-31T00:55:48.760Z] Platform:      win32
[debug] [2017-12-31T00:55:48.760Z] Node Version:  v9.2.0
[debug] [2017-12-31T00:55:48.761Z] Time:          Sun Dec 31 2017 01:55:48 GMT+0100 (W. Central Africa Standard Time)
[debug] [2017-12-31T00:55:48.761Z] ----------------------------------------------------------------------
[debug] 
[debug] [2017-12-31T00:55:48.791Z] > command requires scopes: ["email","openid","https://www.googleapis.com/auth/cloudplatformprojects.readonly","https://www.googleapis.com/auth/firebase","https://www.googleapis.com/auth/cloud-platform"]
[debug] [2017-12-31T00:55:48.792Z] > authorizing via signed-in user
[debug] [2017-12-31T00:55:48.797Z] >>> HTTP REQUEST GET https://admin.firebase.com/v1/projects/my-bukka  
 Sun Dec 31 2017 01:55:48 GMT+0100 (W. Central Africa Standard Time)
[debug] [2017-12-31T00:55:54.470Z] <<< HTTP RESPONSE 200
[debug] [2017-12-31T00:55:54.472Z] >>> HTTP REQUEST GET https://admin.firebase.com/v1/database/my-bukka/tokens  
 Sun Dec 31 2017 01:55:54 GMT+0100 (W. Central Africa Standard Time)
[debug] [2017-12-31T00:55:55.772Z] <<< HTTP RESPONSE 200
[info] 
[info] === Deploying to 'my-bukka'...
[info] 
[info] i  deploying hosting
[info] i  hosting: preparing build directory for upload...
[debug] [2017-12-31T00:55:59.416Z] >>> HTTP REQUEST PUT https://deploy.firebase.com/v1/hosting/my-bukka/uploads/-L1e3N6L9KM9edSUQJdF?fileCount=15&message=  
 Sun Dec 31 2017 01:55:59 GMT+0100 (W. Central Africa Standard Time)
[debug] [2017-12-31T00:58:01.021Z] Error: socket hang up
    at createHangUpError (_http_client.js:330:15)
    at TLSSocket.socketOnEnd (_http_client.js:423:23)
    at TLSSocket.emit (events.js:164:20)
    at endReadableNT (_stream_readable.js:1054:12)
    at _combinedTickCallback (internal/process/next_tick.js:138:11)
    at process._tickDomainCallback (internal/process/next_tick.js:218:9)
[error] 
[error] Error: Server Error. socket hang up
[debug] [2017-12-31T00:59:47.400Z] ----------------------------------------------------------------------
[debug] [2017-12-31T00:59:47.413Z] Command:       C:\Program Files\nodejs\node.exe C:\Users\JOHN ANISERE\AppData\Roaming\npm\node_modules\firebase-tools\bin\firebase deploy
[debug] [2017-12-31T00:59:47.416Z] CLI Version:   3.15.3
[debug] [2017-12-31T00:59:47.417Z] Platform:      win32
[debug] [2017-12-31T00:59:47.417Z] Node Version:  v9.2.0
[debug] [2017-12-31T00:59:47.420Z] Time:          Sun Dec 31 2017 01:59:47 GMT+0100 (W. Central Africa Standard Time)
[debug] [2017-12-31T00:59:47.420Z] ----------------------------------------------------------------------
[debug] 
[debug] [2017-12-31T00:59:47.470Z] > command requires scopes: ["email","openid","https://www.googleapis.com/auth/cloudplatformprojects.readonly","https://www.googleapis.com/auth/firebase","https://www.googleapis.com/auth/cloud-platform"]
[debug] [2017-12-31T00:59:47.471Z] > authorizing via signed-in user
[debug] [2017-12-31T00:59:47.481Z] >>> HTTP REQUEST GET https://admin.firebase.com/v1/projects/my-bukka  
 Sun Dec 31 2017 01:59:47 GMT+0100 (W. Central Africa Standard Time)
[debug] [2017-12-31T00:59:51.227Z] <<< HTTP RESPONSE 200
[debug] [2017-12-31T00:59:51.229Z] >>> HTTP REQUEST GET https://admin.firebase.com/v1/database/my-bukka/tokens  
 Sun Dec 31 2017 01:59:51 GMT+0100 (W. Central Africa Standard Time)
[debug] [2017-12-31T00:59:53.575Z] <<< HTTP RESPONSE 200
[info] 
[info] === Deploying to 'my-bukka'...
[info] 
[info] i  deploying hosting
[info] i  hosting: preparing build directory for upload...
[debug] [2017-12-31T01:00:05.504Z] >>> HTTP REQUEST PUT https://deploy.firebase.com/v1/hosting/my-bukka/uploads/-L1e4I_9Kjj8TH4aXtiN?fileCount=15&message=  
 Sun Dec 31 2017 02:00:05 GMT+0100 (W. Central Africa Standard Time)
[debug] [2017-12-31T01:10:53.878Z] Error: socket hang up
    at createHangUpError (_http_client.js:330:15)
    at TLSSocket.socketOnEnd (_http_client.js:423:23)
    at TLSSocket.emit (events.js:164:20)
    at endReadableNT (_stream_readable.js:1054:12)
    at _combinedTickCallback (internal/process/next_tick.js:138:11)
    at process._tickDomainCallback (internal/process/next_tick.js:218:9)
[error] 
[error] Error: Server Error. socket hang up
[debug] [2017-12-31T01:48:28.647Z] ----------------------------------------------------------------------
[debug] [2017-12-31T01:48:28.654Z] Command:       C:\Program Files\nodejs\node.exe C:\Users\JOHN ANISERE\AppData\Roaming\npm\node_modules\firebase-tools\bin\firebase deploy
[debug] [2017-12-31T01:48:28.654Z] CLI Version:   3.15.3
[debug] [2017-12-31T01:48:28.702Z] Platform:      win32
[debug] [2017-12-31T01:48:28.702Z] Node Version:  v9.2.0
[debug] [2017-12-31T01:48:28.703Z] Time:          Sun Dec 31 2017 02:48:28 GMT+0100 (W. Central Africa Standard Time)
[debug] [2017-12-31T01:48:28.703Z] ----------------------------------------------------------------------
[debug] 
[debug] [2017-12-31T01:48:28.975Z] > command requires scopes: ["email","openid","https://www.googleapis.com/auth/cloudplatformprojects.readonly","https://www.googleapis.com/auth/firebase","https://www.googleapis.com/auth/cloud-platform"]
[debug] [2017-12-31T01:48:28.976Z] > authorizing via signed-in user
[debug] [2017-12-31T01:48:28.982Z] > refreshing access token with scopes: ["email","https://www.googleapis.com/auth/cloud-platform","https://www.googleapis.com/auth/cloudplatformprojects.readonly","https://www.googleapis.com/auth/firebase","openid"]
[debug] [2017-12-31T01:48:28.983Z] >>> HTTP REQUEST POST https://www.googleapis.com/oauth2/v3/token { refresh_token: '1/8VH-hxnBZY3WHm1J4xwXFZXu9C--6amsMZkpXIRrKXE',
  client_id: '563584335869-fgrhgmd47bqnekij5i8b5pr03ho849e6.apps.googleusercontent.com',
  client_secret: 'j9iVZfS8kkCEFUPaAeJV0sAi',
  grant_type: 'refresh_token',
  scope: 'email https://www.googleapis.com/auth/cloud-platform https://www.googleapis.com/auth/cloudplatformprojects.readonly https://www.googleapis.com/auth/firebase openid' } 
 Sun Dec 31 2017 02:48:28 GMT+0100 (W. Central Africa Standard Time)
[debug] [2017-12-31T01:48:31.865Z] <<< HTTP RESPONSE 200
[debug] [2017-12-31T01:48:31.932Z] >>> HTTP REQUEST GET https://admin.firebase.com/v1/projects/my-bukka  
 Sun Dec 31 2017 02:48:31 GMT+0100 (W. Central Africa Standard Time)
[debug] [2017-12-31T01:48:37.449Z] <<< HTTP RESPONSE 200
[debug] [2017-12-31T01:48:37.450Z] >>> HTTP REQUEST GET https://admin.firebase.com/v1/database/my-bukka/tokens  
 Sun Dec 31 2017 02:48:37 GMT+0100 (W. Central Africa Standard Time)
[debug] [2017-12-31T01:48:39.880Z] <<< HTTP RESPONSE 200
[info] 
[info] === Deploying to 'my-bukka'...
[info] 
[info] i  deploying hosting
[info] i  hosting: preparing build directory for upload...
[debug] [2017-12-31T01:48:51.985Z] >>> HTTP REQUEST PUT https://deploy.firebase.com/v1/hosting/my-bukka/uploads/-L1eFTGsgjpCqUTT_coc?fileCount=15&message=  
 Sun Dec 31 2017 02:48:51 GMT+0100 (W. Central Africa Standard Time)
[debug] [2017-12-31T01:50:37.587Z] Error: socket hang up
    at createHangUpError (_http_client.js:330:15)
    at TLSSocket.socketOnEnd (_http_client.js:423:23)
    at TLSSocket.emit (events.js:164:20)
    at endReadableNT (_stream_readable.js:1054:12)
    at _combinedTickCallback (internal/process/next_tick.js:138:11)
    at process._tickDomainCallback (internal/process/next_tick.js:218:9)
[error] 
[error] Error: Server Error. socket hang up
[debug] [2017-12-31T22:34:24.258Z] ----------------------------------------------------------------------
[debug] [2017-12-31T22:34:24.264Z] Command:       C:\Program Files\nodejs\node.exe C:\Users\JOHN ANISERE\AppData\Roaming\npm\node_modules\firebase-tools\bin\firebase deploy
[debug] [2017-12-31T22:34:24.265Z] CLI Version:   3.15.3
[debug] [2017-12-31T22:34:24.265Z] Platform:      win32
[debug] [2017-12-31T22:34:24.265Z] Node Version:  v9.2.0
[debug] [2017-12-31T22:34:24.266Z] Time:          Sun Dec 31 2017 23:34:24 GMT+0100 (W. Central Africa Standard Time)
[debug] [2017-12-31T22:34:24.266Z] ----------------------------------------------------------------------
[debug] 
[debug] [2017-12-31T22:34:24.488Z] > command requires scopes: ["email","openid","https://www.googleapis.com/auth/cloudplatformprojects.readonly","https://www.googleapis.com/auth/firebase","https://www.googleapis.com/auth/cloud-platform"]
[debug] [2017-12-31T22:34:24.489Z] > authorizing via signed-in user
[debug] [2017-12-31T22:34:24.496Z] > refreshing access token with scopes: ["email","https://www.googleapis.com/auth/cloud-platform","https://www.googleapis.com/auth/cloudplatformprojects.readonly","https://www.googleapis.com/auth/firebase","openid"]
[debug] [2017-12-31T22:34:24.497Z] >>> HTTP REQUEST POST https://www.googleapis.com/oauth2/v3/token { refresh_token: '1/8VH-hxnBZY3WHm1J4xwXFZXu9C--6amsMZkpXIRrKXE',
  client_id: '563584335869-fgrhgmd47bqnekij5i8b5pr03ho849e6.apps.googleusercontent.com',
  client_secret: 'j9iVZfS8kkCEFUPaAeJV0sAi',
  grant_type: 'refresh_token',
  scope: 'email https://www.googleapis.com/auth/cloud-platform https://www.googleapis.com/auth/cloudplatformprojects.readonly https://www.googleapis.com/auth/firebase openid' } 
 Sun Dec 31 2017 23:34:24 GMT+0100 (W. Central Africa Standard Time)
[debug] [2017-12-31T22:34:27.269Z] <<< HTTP RESPONSE 200
[debug] [2017-12-31T22:34:27.319Z] >>> HTTP REQUEST GET https://admin.firebase.com/v1/projects/my-bukka  
 Sun Dec 31 2017 23:34:27 GMT+0100 (W. Central Africa Standard Time)
[debug] [2017-12-31T22:34:33.211Z] <<< HTTP RESPONSE 200
[debug] [2017-12-31T22:34:33.214Z] >>> HTTP REQUEST GET https://admin.firebase.com/v1/database/my-bukka/tokens  
 Sun Dec 31 2017 23:34:33 GMT+0100 (W. Central Africa Standard Time)
[debug] [2017-12-31T22:34:35.001Z] <<< HTTP RESPONSE 200
[info] 
[info] === Deploying to 'my-bukka'...
[info] 
[info] i  deploying hosting
[info] i  hosting: preparing build directory for upload...
[debug] [2017-12-31T22:34:39.633Z] >>> HTTP REQUEST PUT https://deploy.firebase.com/v1/hosting/my-bukka/uploads/-L1ihbRsswFdmProZBM1?fileCount=15&message=  
 Sun Dec 31 2017 23:34:39 GMT+0100 (W. Central Africa Standard Time)
[debug] [2017-12-31T22:39:02.740Z] Error: socket hang up
    at createHangUpError (_http_client.js:330:15)
    at TLSSocket.socketOnEnd (_http_client.js:423:23)
    at TLSSocket.emit (events.js:164:20)
    at endReadableNT (_stream_readable.js:1054:12)
    at _combinedTickCallback (internal/process/next_tick.js:138:11)
    at process._tickDomainCallback (internal/process/next_tick.js:218:9)
[error] 
[error] Error: Server Error. socket hang up
